Flow report for lights
Mon Apr  9 09:19:39 2018
Quartus II 32-bit Version 12.0 Build 178 05/31/2012 SJ Full Version


---------------------
; Table of Contents ;
---------------------
  1. Legal Notice
  2. Flow Summary
  3. Flow Settings
  4. Flow Non-Default Global Settings
  5. Flow Elapsed Time
  6. Flow OS Summary
  7. Flow Log



----------------
; Legal Notice ;
----------------
Copyright (C) 1991-2012 Altera Corporation
Your use of Altera Corporation's design tools, logic functions 
and other software and tools, and its AMPP partner logic 
functions, and any output files from any of the foregoing 
(including device programming or simulation files), and any 
associated documentation or information are expressly subject 
to the terms and conditions of the Altera Program License 
Subscription Agreement, Altera MegaCore Function License 
Agreement, or other applicable license agreement, including, 
without limitation, that your use is for the sole purpose of 
programming logic devices manufactured by Altera and sold by 
Altera or its authorized distributors.  Please refer to the 
applicable agreement for further details.



+--------------------------------------------------------------------------------+
; Flow Summary                                                                   ;
+------------------------------------+-------------------------------------------+
; Flow Status                        ; Successful - Mon Apr  9 09:19:39 2018     ;
; Quartus II 32-bit Version          ; 12.0 Build 178 05/31/2012 SJ Full Version ;
; Revision Name                      ; lights                                    ;
; Top-level Entity Name              ; lights                                    ;
; Family                             ; Cyclone IV E                              ;
; Device                             ; EP4CE115F29C7                             ;
; Timing Models                      ; Final                                     ;
; Total logic elements               ; 6,742 / 114,480 ( 6 % )                   ;
;     Total combinational functions  ; 5,688 / 114,480 ( 5 % )                   ;
;     Dedicated logic registers      ; 4,440 / 114,480 ( 4 % )                   ;
; Total registers                    ; 4559                                      ;
; Total pins                         ; 239 / 529 ( 45 % )                        ;
; Total virtual pins                 ; 0                                         ;
; Total memory bits                  ; 102,544 / 3,981,312 ( 3 % )               ;
; Embedded Multiplier 9-bit elements ; 11 / 532 ( 2 % )                          ;
; Total PLLs                         ; 1 / 4 ( 25 % )                            ;
+------------------------------------+-------------------------------------------+


+-----------------------------------------+
; Flow Settings                           ;
+-------------------+---------------------+
; Option            ; Setting             ;
+-------------------+---------------------+
; Start date & time ; 04/09/2018 09:18:18 ;
; Main task         ; Compilation         ;
; Revision Name     ; lights              ;
+-------------------+---------------------+


+-------------------------------------------------------------------------------------------------------------------+
; Flow Non-Default Global Settings                                                                                  ;
+-------------------------------------+------------------------------+---------------+-------------+----------------+
; Assignment Name                     ; Value                        ; Default Value ; Entity Name ; Section Id     ;
+-------------------------------------+------------------------------+---------------+-------------+----------------+
; COMPILER_SIGNATURE_ID               ; 0.152327989823070            ; --            ; --          ; --             ;
; EDA_OUTPUT_DATA_FORMAT              ; Vhdl                         ; --            ; --          ; eda_simulation ;
; EDA_SIMULATION_TOOL                 ; ModelSim-Altera (VHDL)       ; <None>        ; --          ; --             ;
; IP_TOOL_ENV                         ; sopc                         ; --            ; nios_system ; --             ;
; IP_TOOL_NAME                        ; sopc                         ; --            ; nios_system ; --             ;
; IP_TOOL_VERSION                     ; 12.0                         ; --            ; nios_system ; --             ;
; MAX_CORE_JUNCTION_TEMP              ; 85                           ; --            ; --          ; --             ;
; MIN_CORE_JUNCTION_TEMP              ; 0                            ; --            ; --          ; --             ;
; NOMINAL_CORE_SUPPLY_VOLTAGE         ; 1.2V                         ; --            ; --          ; --             ;
; PARTITION_COLOR                     ; 16764057                     ; --            ; --          ; Top            ;
; PARTITION_FITTER_PRESERVATION_LEVEL ; PLACEMENT_AND_ROUTING        ; --            ; --          ; Top            ;
; PARTITION_NETLIST_TYPE              ; SOURCE                       ; --            ; --          ; Top            ;
; SOPC_BUILDER_SIGNATURE_ID           ; 005056C0000100000162AA8C8080 ; --            ; --          ; --             ;
+-------------------------------------+------------------------------+---------------+-------------+----------------+


+-------------------------------------------------------------------------------------------------------------------------------+
; Flow Elapsed Time                                                                                                             ;
+---------------------------+--------------+-------------------------+---------------------+------------------------------------+
; Module Name               ; Elapsed Time ; Average Processors Used ; Peak Virtual Memory ; Total CPU Time (on all processors) ;
+---------------------------+--------------+-------------------------+---------------------+------------------------------------+
; Analysis & Synthesis      ; 00:00:23     ; 1.0                     ; --                  ; 00:00:21                           ;
; Fitter                    ; 00:00:35     ; 2.3                     ; --                  ; 00:00:43                           ;
; Assembler                 ; 00:00:05     ; 1.0                     ; --                  ; 00:00:05                           ;
; TimeQuest Timing Analyzer ; 00:00:06     ; 2.3                     ; --                  ; 00:00:07                           ;
; EDA Netlist Writer        ; 00:00:08     ; 1.0                     ; --                  ; 00:00:07                           ;
; Total                     ; 00:01:17     ; --                      ; --                  ; 00:01:23                           ;
+---------------------------+--------------+-------------------------+---------------------+------------------------------------+


+---------------------------------------------------------------------------------------------+
; Flow OS Summary                                                                             ;
+---------------------------+------------------+----------------+------------+----------------+
; Module Name               ; Machine Hostname ; OS Name        ; OS Version ; Processor type ;
+---------------------------+------------------+----------------+------------+----------------+
; Analysis & Synthesis      ; cocsce-l3d22-18  ; Ubuntu 16.04.3 ; 16         ; x86_64         ;
; Fitter                    ; cocsce-l3d22-18  ; Ubuntu 16.04.3 ; 16         ; x86_64         ;
; Assembler                 ; cocsce-l3d22-18  ; Ubuntu 16.04.3 ; 16         ; x86_64         ;
; TimeQuest Timing Analyzer ; cocsce-l3d22-18  ; Ubuntu 16.04.3 ; 16         ; x86_64         ;
; EDA Netlist Writer        ; cocsce-l3d22-18  ; Ubuntu 16.04.3 ; 16         ; x86_64         ;
+---------------------------+------------------+----------------+------------+----------------+


------------
; Flow Log ;
------------
quartus_map --read_settings_files=on --write_settings_files=off lights -c lights
quartus_fit --read_settings_files=off --write_settings_files=off lights -c lights
quartus_asm --read_settings_files=off --write_settings_files=off lights -c lights
quartus_sta lights -c lights
quartus_eda --read_settings_files=off --write_settings_files=off lights -c lights



