
**** Build of configuration Nios II for project fractals_3 ****

make all 
Info: Building ../fractals_3_bsp/
make --no-print-directory -C ../fractals_3_bsp/
[BSP build complete]
Info: Compiling hello_world.c to obj/default/hello_world.o
nios2-elf-gcc -xc -MP -MMD -c -I../fractals_3_bsp//HAL/inc -I../fractals_3_bsp/ -I../fractals_3_bsp//drivers/inc  -DSYSTEM_BUS_WIDTH=32 -pipe -D__hal__ -DALT_NO_INSTRUCTION_EMULATION -DALT_SINGLE_THREADED    -O0 -g -Wall   -EL -mno-hw-div -mcustom-fpu-cfg=60-1 -mhw-mul -mno-hw-mulx  -o obj/default/hello_world.o hello_world.c
Info: Linking fractals_3.elf
nios2-elf-g++  -T'../fractals_3_bsp//linker.x' -msys-crt0='../fractals_3_bsp//obj/HAL/src/crt0.o' -msys-lib=hal_bsp -L../fractals_3_bsp/  -mcustom-fpu-cfg=60-1  -Wl,-Map=fractals_3.map   -O0 -g -Wall   -EL -mno-hw-div -mcustom-fpu-cfg=60-1 -mhw-mul -mno-hw-mulx  -o fractals_3.elf obj/default/hello_world.o -lm 
nios2-elf-insert fractals_3.elf --thread_model hal --cpu_name cpu_3 --simulation_enabled true --id 0 --sidp 0x112050c8 --timestamp 1523545723 --stderr_dev jtag_uart_3 --stdin_dev jtag_uart_3 --stdout_dev jtag_uart_3 --sopc_system_name nios_system --quartus_project_dir "/acct/dallinw/git/CSCE313/lights" --jdi /acct/dallinw/git/CSCE313/lights/software/fractals_3_bsp/../../lights.jdi --sopcinfo /acct/dallinw/git/CSCE313/lights/software/fractals_3_bsp/../../nios_system.sopcinfo
Picked up _JAVA_OPTIONS: -Duser.home=/acct/dallinw
perl: warning: Setting locale failed.
perl: warning: Please check that your locale settings:
	LANGUAGE = (unset),
	LC_ALL = (unset),
	LC_CTYPE = "en_US",
	LANG = "C"
    are supported and installed on your system.
perl: warning: Falling back to the standard locale ("C").
Info: (fractals_3.elf) 41 KBytes program size (code + initialized data).
Info:                  2896 KBytes free for stack + heap.
Info: Creating fractals_3.objdump
nios2-elf-objdump --disassemble --syms --all-header --source fractals_3.elf >fractals_3.objdump
[fractals_3 build complete]
