
**** Build of configuration Nios II for project fractals ****

make all 
Info: Building ../fractals_bsp/
make --no-print-directory -C ../fractals_bsp/
[BSP build complete]
Info: Compiling hello_world.c to obj/default/hello_world.o
nios2-elf-gcc -xc -MP -MMD -c -I../fractals_bsp//HAL/inc -I../fractals_bsp/ -I../fractals_bsp//drivers/inc  -DSYSTEM_BUS_WIDTH=32 -pipe -D__hal__ -DALT_NO_INSTRUCTION_EMULATION -DALT_SINGLE_THREADED    -O0 -g -Wall   -EL -mno-hw-div -mcustom-fpu-cfg=60-1 -mhw-mul -mno-hw-mulx  -o obj/default/hello_world.o hello_world.c
hello_world.c:10:95: warning: altera_up_avalon_video_character_buffer_with_dma.h: No such file or directory
Info: Linking fractals.elf
hello_world.c:38:2: warning: "/*" within comment
hello_world.c: In function 'main':
nios2-elf-g++  -T'../fractals_bsp//linker.x' -msys-crt0='../fractals_bsp//obj/HAL/src/crt0.o' -msys-lib=hal_bsp -L../fractals_bsp/  -mcustom-fpu-cfg=60-1  -Wl,-Map=fractals.map   -O0 -g -Wall   -EL -mno-hw-div -mcustom-fpu-cfg=60-1 -mhw-mul -mno-hw-mulx  -o fractals.elf obj/default/hello_world.o -lm 
hello_world.c:86: warning: statement with no effect
nios2-elf-insert fractals.elf --thread_model hal --cpu_name cpu_0 --simulation_enabled true --id 0 --sidp 0x112050c8 --timestamp 1523449357 --stderr_dev jtag_uart_0 --stdin_dev jtag_uart_0 --stdout_dev jtag_uart_0 --sopc_system_name nios_system --quartus_project_dir "/acct/dallinw/git/CSCE313/lights" --jdi /acct/dallinw/git/CSCE313/lights/software/fractals_bsp/../../lights.jdi --sopcinfo /acct/dallinw/git/CSCE313/lights/software/fractals_bsp/../../nios_system.sopcinfo
Picked up _JAVA_OPTIONS: -Duser.home=/acct/dallinw
perl: warning: Setting locale failed.
perl: warning: Please check that your locale settings:
	LANGUAGE = (unset),
	LC_ALL = (unset),
	LC_CTYPE = "en_US",
	LANG = "C"
    are supported and installed on your system.
perl: warning: Falling back to the standard locale ("C").
Info: (fractals.elf) 38 KBytes program size (code + initialized data).
Info:                131028 KBytes free for stack + heap.
Info: Creating fractals.objdump
nios2-elf-objdump --disassemble --syms --all-header --source fractals.elf >fractals.objdump
[fractals build complete]
