
**** Build of configuration Nios II for project fractals2 ****

make all 
Info: Building ../fractals2_bsp/
make --no-print-directory -C ../fractals2_bsp/
[BSP build complete]
Info: Compiling hello_world.c to obj/default/hello_world.o
nios2-elf-gcc -xc -MP -MMD -c -I../fractals2_bsp//HAL/inc -I../fractals2_bsp/ -I../fractals2_bsp//drivers/inc  -DSYSTEM_BUS_WIDTH=32 -pipe -D__hal__ -DALT_NO_INSTRUCTION_EMULATION -DALT_SINGLE_THREADED    -O0 -g -Wall   -EL -mno-hw-div -mcustom-fpu-cfg=60-1 -mhw-mul -mno-hw-mulx  -o obj/default/hello_world.o hello_world.c
Info: Linking fractals2.elf
nios2-elf-g++  -T'../fractals2_bsp//linker.x' -msys-crt0='../fractals2_bsp//obj/HAL/src/crt0.o' -msys-lib=hal_bsp -L../fractals2_bsp/  -mcustom-fpu-cfg=60-1  -Wl,-Map=fractals2.map   -O0 -g -Wall   -EL -mno-hw-div -mcustom-fpu-cfg=60-1 -mhw-mul -mno-hw-mulx  -o fractals2.elf obj/default/hello_world.o -lm 
nios2-elf-insert fractals2.elf --thread_model hal --cpu_name cpu_2 --simulation_enabled true --id 0 --sidp 0x112050c8 --timestamp 1523545723 --stderr_dev jtag_uart_2 --stdin_dev jtag_uart_2 --stdout_dev jtag_uart_2 --sopc_system_name nios_system --quartus_project_dir "/acct/dallinw/git/CSCE313/lights" --jdi /acct/dallinw/git/CSCE313/lights/software/fractals2_bsp/../../lights.jdi --sopcinfo /acct/dallinw/git/CSCE313/lights/software/fractals2_bsp/../../nios_system.sopcinfo
Picked up _JAVA_OPTIONS: -Duser.home=/acct/dallinw
perl: warning: Setting locale failed.
perl: warning: Please check that your locale settings:
	LANGUAGE = (unset),
	LC_ALL = (unset),
	LC_CTYPE = "en_US",
	LANG = "C"
    are supported and installed on your system.
perl: warning: Falling back to the standard locale ("C").
Info: (fractals2.elf) 79 KBytes program size (code + initialized data).
Info:                 122793 KBytes free for stack + heap.
Info: Creating fractals2.objdump
nios2-elf-objdump --disassemble --syms --all-header --source fractals2.elf >fractals2.objdump
[fractals2 build complete]
