
**** Build of configuration Nios II for project fractals1 ****

make all 
Info: Building ../fractals1_bsp/
make --no-print-directory -C ../fractals1_bsp/
[BSP build complete]
Info: Compiling hello_world.c to obj/default/hello_world.o
nios2-elf-gcc -xc -MP -MMD -c -I../fractals1_bsp//HAL/inc -I../fractals1_bsp/ -I../fractals1_bsp//drivers/inc  -DSYSTEM_BUS_WIDTH=32 -pipe -D__hal__ -DALT_NO_INSTRUCTION_EMULATION -DALT_SINGLE_THREADED    -O0 -g -Wall   -EL -mno-hw-div -mcustom-fpu-cfg=60-1 -mhw-mul -mno-hw-mulx  -o obj/default/hello_world.o hello_world.c
Info: Linking fractals1.elf
nios2-elf-g++  -T'../fractals1_bsp//linker.x' -msys-crt0='../fractals1_bsp//obj/HAL/src/crt0.o' -msys-lib=hal_bsp -L../fractals1_bsp/  -mcustom-fpu-cfg=60-1  -Wl,-Map=fractals1.map   -O0 -g -Wall   -EL -mno-hw-div -mcustom-fpu-cfg=60-1 -mhw-mul -mno-hw-mulx  -o fractals1.elf obj/default/hello_world.o -lm 
nios2-elf-insert fractals1.elf --thread_model hal --cpu_name cpu_1 --simulation_enabled true --id 0 --sidp 0x112050c8 --timestamp 1523545723 --stderr_dev jtag_uart_1 --stdin_dev jtag_uart_1 --stdout_dev jtag_uart_1 --sopc_system_name nios_system --quartus_project_dir "/acct/dallinw/git/CSCE313/lights" --jdi /acct/dallinw/git/CSCE313/lights/software/fractals1_bsp/../../lights.jdi --sopcinfo /acct/dallinw/git/CSCE313/lights/software/fractals1_bsp/../../nios_system.sopcinfo
Picked up _JAVA_OPTIONS: -Duser.home=/acct/dallinw
perl: warning: Setting locale failed.
perl: warning: Please check that your locale settings:
	LANGUAGE = (unset),
	LC_ALL = (unset),
	LC_CTYPE = "en_US",
	LANG = "C"
    are supported and installed on your system.
perl: warning: Falling back to the standard locale ("C").
Info: (fractals1.elf) 41 KBytes program size (code + initialized data).
Info:                 4048 KBytes free for stack + heap.
Info: Creating fractals1.objdump
nios2-elf-objdump --disassemble --syms --all-header --source fractals1.elf >fractals1.objdump
[fractals1 build complete]
