
**** Clean-only build of configuration Nios II for project lights_bsp ****

make clean 
rm  ./alt_sys_init.o  ./drivers/src/altera_avalon_cfi_flash.o ./drivers/src/altera_avalon_cfi_flash_amd.o ./drivers/src/altera_avalon_cfi_flash_intel.o ./drivers/src/altera_avalon_cfi_flash_table.o ./drivers/src/altera_avalon_jtag_uart_fd.o ./drivers/src/altera_avalon_jtag_uart_init.o ./drivers/src/altera_avalon_jtag_uart_ioctl.o ./drivers/src/altera_avalon_jtag_uart_read.o ./drivers/src/altera_avalon_jtag_uart_write.o ./drivers/src/altera_avalon_lcd_16207.o ./drivers/src/altera_avalon_lcd_16207_fd.o ./drivers/src/altera_avalon_mailbox.o ./drivers/src/altera_avalon_mutex.o ./drivers/src/altera_avalon_performance_counter.o ./drivers/src/altera_avalon_sysid.o ./drivers/src/altera_ro_zipfs.o ./drivers/src/altera_up_avalon_video_character_buffer_with_dma.o ./drivers/src/altera_up_avalon_video_pixel_buffer_dma.o ./drivers/src/perf_print_formatted_report.o  ./HAL/src/alt_alarm_start.o ./HAL/src/alt_busy_sleep.o ./HAL/src/alt_close.o ./HAL/src/alt_dcache_flush.o ./HAL/src/alt_dcache_flush_all.o ./HAL/src/alt_dcache_flush_no_writeback.o ./HAL/src/alt_dev.o ./HAL/src/alt_dev_llist_insert.o ./HAL/src/alt_dma_rxchan_open.o ./HAL/src/alt_dma_txchan_open.o ./HAL/src/alt_do_ctors.o ./HAL/src/alt_do_dtors.o ./HAL/src/alt_env_lock.o ./HAL/src/alt_environ.o ./HAL/src/alt_errno.o ./HAL/src/alt_exception_entry.o ./HAL/src/alt_exception_muldiv.o ./HAL/src/alt_exception_trap.o ./HAL/src/alt_execve.o ./HAL/src/alt_exit.o ./HAL/src/alt_fcntl.o ./HAL/src/alt_fd_lock.o ./HAL/src/alt_fd_unlock.o ./HAL/src/alt_find_dev.o ./HAL/src/alt_find_file.o ./HAL/src/alt_flash_dev.o ./HAL/src/alt_fork.o ./HAL/src/alt_fs_reg.o ./HAL/src/alt_fstat.o ./HAL/src/alt_get_fd.o ./HAL/src/alt_getchar.o ./HAL/src/alt_getpid.o ./HAL/src/alt_gettod.o ./HAL/src/alt_gmon.o ./HAL/src/alt_icache_flush.o ./HAL/src/alt_icache_flush_all.o ./HAL/src/alt_iic.o ./HAL/src/alt_iic_isr_register.o ./HAL/src/alt_instruction_exception_entry.o ./HAL/src/alt_instruction_exception_register.o ./HAL/src/alt_io_redirect.o ./HAL/src/alt_ioctl.o ./HAL/src/alt_irq_entry.o ./HAL/src/alt_irq_handler.o ./HAL/src/alt_irq_register.o ./HAL/src/alt_irq_vars.o ./HAL/src/alt_isatty.o ./HAL/src/alt_kill.o ./HAL/src/alt_link.o ./HAL/src/alt_load.o ./HAL/src/alt_log_macro.o ./HAL/src/alt_log_printf.o ./HAL/src/alt_lseek.o ./HAL/src/alt_main.o ./HAL/src/alt_malloc_lock.o ./HAL/src/alt_mcount.o ./HAL/src/alt_open.o ./HAL/src/alt_printf.o ./HAL/src/alt_putchar.o ./HAL/src/alt_putstr.o ./HAL/src/alt_read.o ./HAL/src/alt_release_fd.o ./HAL/src/alt_remap_cached.o ./HAL/src/alt_remap_uncached.o ./HAL/src/alt_rename.o ./HAL/src/alt_sbrk.o ./HAL/src/alt_settod.o ./HAL/src/alt_software_exception.o ./HAL/src/alt_stat.o ./HAL/src/alt_tick.o ./HAL/src/alt_times.o ./HAL/src/alt_uncached_free.o ./HAL/src/alt_uncached_malloc.o ./HAL/src/alt_unlink.o ./HAL/src/alt_usleep.o ./HAL/src/alt_wait.o ./HAL/src/alt_write.o ./HAL/src/altera_nios2_irq.o ./HAL/src/crt0.o  ./alt_sys_init.d  ./drivers/src/altera_avalon_cfi_flash.d ./drivers/src/altera_avalon_cfi_flash_amd.d ./drivers/src/altera_avalon_cfi_flash_intel.d ./drivers/src/altera_avalon_cfi_flash_table.d ./drivers/src/altera_avalon_jtag_uart_fd.d ./drivers/src/altera_avalon_jtag_uart_init.d ./drivers/src/altera_avalon_jtag_uart_ioctl.d ./drivers/src/altera_avalon_jtag_uart_read.d ./drivers/src/altera_avalon_jtag_uart_write.d ./drivers/src/altera_avalon_lcd_16207.d ./drivers/src/altera_avalon_lcd_16207_fd.d ./drivers/src/altera_avalon_mailbox.d ./drivers/src/altera_avalon_mutex.d ./drivers/src/altera_avalon_performance_counter.d ./drivers/src/altera_avalon_sysid.d ./drivers/src/altera_ro_zipfs.d ./drivers/src/altera_up_avalon_video_character_buffer_with_dma.d ./drivers/src/altera_up_avalon_video_pixel_buffer_dma.d ./drivers/src/perf_print_formatted_report.d  ./HAL/src/alt_alarm_start.d ./HAL/src/alt_busy_sleep.d ./HAL/src/alt_close.d ./HAL/src/alt_dcache_flush.d ./HAL/src/alt_dcache_flush_all.d ./HAL/src/alt_dcache_flush_no_writeback.d ./HAL/src/alt_dev.d ./HAL/src/alt_dev_llist_insert.d ./HAL/src/alt_dma_rxchan_open.d ./HAL/src/alt_dma_txchan_open.d ./HAL/src/alt_do_ctors.d ./HAL/src/alt_do_dtors.d ./HAL/src/alt_env_lock.d ./HAL/src/alt_environ.d ./HAL/src/alt_errno.d ./HAL/src/alt_execve.d ./HAL/src/alt_exit.d ./HAL/src/alt_fcntl.d ./HAL/src/alt_fd_lock.d ./HAL/src/alt_fd_unlock.d ./HAL/src/alt_find_dev.d ./HAL/src/alt_find_file.d ./HAL/src/alt_flash_dev.d ./HAL/src/alt_fork.d ./HAL/src/alt_fs_reg.d ./HAL/src/alt_fstat.d ./HAL/src/alt_get_fd.d ./HAL/src/alt_getchar.d ./HAL/src/alt_getpid.d ./HAL/src/alt_gettod.d ./HAL/src/alt_gmon.d ./HAL/src/alt_icache_flush.d ./HAL/src/alt_icache_flush_all.d ./HAL/src/alt_iic.d ./HAL/src/alt_iic_isr_register.d ./HAL/src/alt_instruction_exception_entry.d ./HAL/src/alt_instruction_exception_register.d ./HAL/src/alt_io_redirect.d ./HAL/src/alt_ioctl.d ./HAL/src/alt_irq_handler.d ./HAL/src/alt_irq_register.d ./HAL/src/alt_irq_vars.d ./HAL/src/alt_isatty.d ./HAL/src/alt_kill.d ./HAL/src/alt_link.d ./HAL/src/alt_load.d ./HAL/src/alt_log_printf.d ./HAL/src/alt_lseek.d ./HAL/src/alt_main.d ./HAL/src/alt_malloc_lock.d ./HAL/src/alt_open.d ./HAL/src/alt_printf.d ./HAL/src/alt_putchar.d ./HAL/src/alt_putstr.d ./HAL/src/alt_read.d ./HAL/src/alt_release_fd.d ./HAL/src/alt_remap_cached.d ./HAL/src/alt_remap_uncached.d ./HAL/src/alt_rename.d ./HAL/src/alt_sbrk.d ./HAL/src/alt_settod.d ./HAL/src/alt_stat.d ./HAL/src/alt_tick.d ./HAL/src/alt_times.d ./HAL/src/alt_uncached_free.d ./HAL/src/alt_uncached_malloc.d ./HAL/src/alt_unlink.d ./HAL/src/alt_usleep.d ./HAL/src/alt_wait.d ./HAL/src/alt_write.d ./HAL/src/altera_nios2_irq.d  
rm: cannot remove './alt_sys_init.o': No such file or directory
rm: cannot remove './drivers/src/altera_avalon_cfi_flash.o': No such file or directory
rm: cannot remove './drivers/src/altera_avalon_cfi_flash_amd.o': No such file or directory
rm: cannot remove './drivers/src/altera_avalon_cfi_flash_intel.o': No such file or directory
rm: cannot remove './drivers/src/altera_avalon_cfi_flash_table.o': No such file or directory
rm: cannot remove './drivers/src/altera_avalon_jtag_uart_fd.o': No such file or directory
rm: cannot remove './drivers/src/altera_avalon_jtag_uart_init.o': No such file or directory
rm: cannot remove './drivers/src/altera_avalon_jtag_uart_ioctl.o': No such file or directory
rm: cannot remove './drivers/src/altera_avalon_jtag_uart_read.o': No such file or directory
rm: cannot remove './drivers/src/altera_avalon_jtag_uart_write.o': No such file or directory
rm: cannot remove './drivers/src/altera_avalon_lcd_16207.o': No such file or directory
rm: cannot remove './drivers/src/altera_avalon_lcd_16207_fd.o': No such file or directory
rm: cannot remove './drivers/src/altera_avalon_mailbox.o': No such file or directory
rm: cannot remove './drivers/src/altera_avalon_mutex.o': No such file or directory
rm: cannot remove './drivers/src/altera_avalon_performance_counter.o': No such file or directory
rm: cannot remove './drivers/src/altera_avalon_sysid.o': No such file or directory
makefile:57: recipe for target 'clean' failed
rm: cannot remove './drivers/src/altera_ro_zipfs.o': No such file or directory
 
rm: cannot remove './drivers/src/altera_up_avalon_video_character_buffer_with_dma.o': No such file or directory
rm: cannot remove './drivers/src/altera_up_avalon_video_pixel_buffer_dma.o': No such file or directory
rm: cannot remove './drivers/src/perf_print_formatted_report.o': No such file or directory
rm: cannot remove './HAL/src/alt_alarm_start.o': No such file or directory
rm: cannot remove './HAL/src/alt_busy_sleep.o': No such file or directory
rm: cannot remove './HAL/src/alt_close.o': No such file or directory
rm: cannot remove './HAL/src/alt_dcache_flush.o': No such file or directory
rm: cannot remove './HAL/src/alt_dcache_flush_all.o': No such file or directory
rm: cannot remove './HAL/src/alt_dcache_flush_no_writeback.o': No such file or directory
rm: cannot remove './HAL/src/alt_dev.o': No such file or directory
rm: cannot remove './HAL/src/alt_dev_llist_insert.o': No such file or directory
rm: cannot remove './HAL/src/alt_dma_rxchan_open.o': No such file or directory
rm: cannot remove './HAL/src/alt_dma_txchan_open.o': No such file or directory
rm: cannot remove './HAL/src/alt_do_ctors.o': No such file or directory
rm: cannot remove './HAL/src/alt_do_dtors.o': No such file or directory
rm: cannot remove './HAL/src/alt_env_lock.o': No such file or directory
rm: cannot remove './HAL/src/alt_environ.o': No such file or directory
rm: cannot remove './HAL/src/alt_errno.o': No such file or directory
rm: cannot remove './HAL/src/alt_exception_entry.o': No such file or directory
rm: cannot remove './HAL/src/alt_exception_muldiv.o': No such file or directory
rm: cannot remove './HAL/src/alt_exception_trap.o': No such file or directory
rm: cannot remove './HAL/src/alt_execve.o': No such file or directory
rm: cannot remove './HAL/src/alt_exit.o': No such file or directory
rm: cannot remove './HAL/src/alt_fcntl.o': No such file or directory
rm: cannot remove './HAL/src/alt_fd_lock.o': No such file or directory
rm: cannot remove './HAL/src/alt_fd_unlock.o': No such file or directory
rm: cannot remove './HAL/src/alt_find_dev.o': No such file or directory
rm: cannot remove './HAL/src/alt_find_file.o': No such file or directory
rm: cannot remove './HAL/src/alt_flash_dev.o': No such file or directory
rm: cannot remove './HAL/src/alt_fork.o': No such file or directory
rm: cannot remove './HAL/src/alt_fs_reg.o': No such file or directory
rm: cannot remove './HAL/src/alt_fstat.o': No such file or directory
rm: cannot remove './HAL/src/alt_get_fd.o': No such file or directory
rm: cannot remove './HAL/src/alt_getchar.o': No such file or directory
rm: cannot remove './HAL/src/alt_getpid.o': No such file or directory
rm: cannot remove './HAL/src/alt_gettod.o': No such file or directory
rm: cannot remove './HAL/src/alt_gmon.o': No such file or directory
rm: cannot remove './HAL/src/alt_icache_flush.o': No such file or directory
rm: cannot remove './HAL/src/alt_icache_flush_all.o': No such file or directory
rm: cannot remove './HAL/src/alt_iic.o': No such file or directory
rm: cannot remove './HAL/src/alt_iic_isr_register.o': No such file or directory
rm: cannot remove './HAL/src/alt_instruction_exception_entry.o': No such file or directory
rm: cannot remove './HAL/src/alt_instruction_exception_register.o': No such file or directory
rm: cannot remove './HAL/src/alt_io_redirect.o': No such file or directory
rm: cannot remove './HAL/src/alt_ioctl.o': No such file or directory
rm: cannot remove './HAL/src/alt_irq_entry.o': No such file or directory
rm: cannot remove './HAL/src/alt_irq_handler.o': No such file or directory
rm: cannot remove './HAL/src/alt_irq_register.o': No such file or directory
rm: cannot remove './HAL/src/alt_irq_vars.o': No such file or directory
rm: cannot remove './HAL/src/alt_isatty.o': No such file or directory
rm: cannot remove './HAL/src/alt_kill.o': No such file or directory
rm: cannot remove './HAL/src/alt_link.o': No such file or directory
rm: cannot remove './HAL/src/alt_load.o': No such file or directory
rm: cannot remove './HAL/src/alt_log_macro.o': No such file or directory
rm: cannot remove './HAL/src/alt_log_printf.o': No such file or directory
rm: cannot remove './HAL/src/alt_lseek.o': No such file or directory
rm: cannot remove './HAL/src/alt_main.o': No such file or directory
rm: cannot remove './HAL/src/alt_malloc_lock.o': No such file or directory
rm: cannot remove './HAL/src/alt_mcount.o': No such file or directory
rm: cannot remove './HAL/src/alt_open.o': No such file or directory
rm: cannot remove './HAL/src/alt_printf.o': No such file or directory
rm: cannot remove './HAL/src/alt_putchar.o': No such file or directory
rm: cannot remove './HAL/src/alt_putstr.o': No such file or directory
rm: cannot remove './HAL/src/alt_read.o': No such file or directory
rm: cannot remove './HAL/src/alt_release_fd.o': No such file or directory
rm: cannot remove './HAL/src/alt_remap_cached.o': No such file or directory
rm: cannot remove './HAL/src/alt_remap_uncached.o': No such file or directory
rm: cannot remove './HAL/src/alt_rename.o': No such file or directory
rm: cannot remove './HAL/src/alt_sbrk.o': No such file or directory
rm: cannot remove './HAL/src/alt_settod.o': No such file or directory
rm: cannot remove './HAL/src/alt_software_exception.o': No such file or directory
rm: cannot remove './HAL/src/alt_stat.o': No such file or directory
rm: cannot remove './HAL/src/alt_tick.o': No such file or directory
rm: cannot remove './HAL/src/alt_times.o': No such file or directory
rm: cannot remove './HAL/src/alt_uncached_free.o': No such file or directory
rm: cannot remove './HAL/src/alt_uncached_malloc.o': No such file or directory
rm: cannot remove './HAL/src/alt_unlink.o': No such file or directory
rm: cannot remove './HAL/src/alt_usleep.o': No such file or directory
rm: cannot remove './HAL/src/alt_wait.o': No such file or directory
rm: cannot remove './HAL/src/alt_write.o': No such file or directory
rm: cannot remove './HAL/src/altera_nios2_irq.o': No such file or directory
rm: cannot remove './HAL/src/crt0.o': No such file or directory
rm: cannot remove './alt_sys_init.d': No such file or directory
rm: cannot remove './drivers/src/altera_avalon_cfi_flash.d': No such file or directory
rm: cannot remove './drivers/src/altera_avalon_cfi_flash_amd.d': No such file or directory
rm: cannot remove './drivers/src/altera_avalon_cfi_flash_intel.d': No such file or directory
rm: cannot remove './drivers/src/altera_avalon_cfi_flash_table.d': No such file or directory
rm: cannot remove './drivers/src/altera_avalon_jtag_uart_fd.d': No such file or directory
rm: cannot remove './drivers/src/altera_avalon_jtag_uart_init.d': No such file or directory
rm: cannot remove './drivers/src/altera_avalon_jtag_uart_ioctl.d': No such file or directory
rm: cannot remove './drivers/src/altera_avalon_jtag_uart_read.d': No such file or directory
rm: cannot remove './drivers/src/altera_avalon_jtag_uart_write.d': No such file or directory
rm: cannot remove './drivers/src/altera_avalon_lcd_16207.d': No such file or directory
rm: cannot remove './drivers/src/altera_avalon_lcd_16207_fd.d': No such file or directory
rm: cannot remove './drivers/src/altera_avalon_mailbox.d': No such file or directory
rm: cannot remove './drivers/src/altera_avalon_mutex.d': No such file or directory
rm: cannot remove './drivers/src/altera_avalon_performance_counter.d': No such file or directory
rm: cannot remove './drivers/src/altera_avalon_sysid.d': No such file or directory
rm: cannot remove './drivers/src/altera_ro_zipfs.d': No such file or directory
rm: cannot remove './drivers/src/altera_up_avalon_video_character_buffer_with_dma.d': No such file or directory
rm: cannot remove './drivers/src/altera_up_avalon_video_pixel_buffer_dma.d': No such file or directory
rm: cannot remove './drivers/src/perf_print_formatted_report.d': No such file or directory
rm: cannot remove './HAL/src/alt_alarm_start.d': No such file or directory
rm: cannot remove './HAL/src/alt_busy_sleep.d': No such file or directory
rm: cannot remove './HAL/src/alt_close.d': No such file or directory
rm: cannot remove './HAL/src/alt_dcache_flush.d': No such file or directory
rm: cannot remove './HAL/src/alt_dcache_flush_all.d': No such file or directory
rm: cannot remove './HAL/src/alt_dcache_flush_no_writeback.d': No such file or directory
rm: cannot remove './HAL/src/alt_dev.d': No such file or directory
rm: cannot remove './HAL/src/alt_dev_llist_insert.d': No such file or directory
rm: cannot remove './HAL/src/alt_dma_rxchan_open.d': No such file or directory
rm: cannot remove './HAL/src/alt_dma_txchan_open.d': No such file or directory
rm: cannot remove './HAL/src/alt_do_ctors.d': No such file or directory
rm: cannot remove './HAL/src/alt_do_dtors.d': No such file or directory
rm: cannot remove './HAL/src/alt_env_lock.d': No such file or directory
rm: cannot remove './HAL/src/alt_environ.d': No such file or directory
rm: cannot remove './HAL/src/alt_errno.d': No such file or directory
rm: cannot remove './HAL/src/alt_execve.d': No such file or directory
rm: cannot remove './HAL/src/alt_exit.d': No such file or directory
rm: cannot remove './HAL/src/alt_fcntl.d': No such file or directory
rm: cannot remove './HAL/src/alt_fd_lock.d': No such file or directory
rm: cannot remove './HAL/src/alt_fd_unlock.d': No such file or directory
rm: cannot remove './HAL/src/alt_find_dev.d': No such file or directory
rm: cannot remove './HAL/src/alt_find_file.d': No such file or directory
rm: cannot remove './HAL/src/alt_flash_dev.d': No such file or directory
rm: cannot remove './HAL/src/alt_fork.d': No such file or directory
rm: cannot remove './HAL/src/alt_fs_reg.d': No such file or directory
rm: cannot remove './HAL/src/alt_fstat.d': No such file or directory
rm: cannot remove './HAL/src/alt_get_fd.d': No such file or directory
rm: cannot remove './HAL/src/alt_getchar.d': No such file or directory
rm: cannot remove './HAL/src/alt_getpid.d': No such file or directory
rm: cannot remove './HAL/src/alt_gettod.d': No such file or directory
rm: cannot remove './HAL/src/alt_gmon.d': No such file or directory
rm: cannot remove './HAL/src/alt_icache_flush.d': No such file or directory
rm: cannot remove './HAL/src/alt_icache_flush_all.d': No such file or directory
rm: cannot remove './HAL/src/alt_iic.d': No such file or directory
rm: cannot remove './HAL/src/alt_iic_isr_register.d': No such file or directory
rm: cannot remove './HAL/src/alt_instruction_exception_entry.d': No such file or directory
rm: cannot remove './HAL/src/alt_instruction_exception_register.d': No such file or directory
rm: cannot remove './HAL/src/alt_io_redirect.d': No such file or directory
rm: cannot remove './HAL/src/alt_ioctl.d': No such file or directory
rm: cannot remove './HAL/src/alt_irq_handler.d': No such file or directory
rm: cannot remove './HAL/src/alt_irq_register.d': No such file or directory
rm: cannot remove './HAL/src/alt_irq_vars.d': No such file or directory
rm: cannot remove './HAL/src/alt_isatty.d': No such file or directory
rm: cannot remove './HAL/src/alt_kill.d': No such file or directory
rm: cannot remove './HAL/src/alt_link.d': No such file or directory
rm: cannot remove './HAL/src/alt_load.d': No such file or directory
rm: cannot remove './HAL/src/alt_log_printf.d': No such file or directory
rm: cannot remove './HAL/src/alt_lseek.d': No such file or directory
rm: cannot remove './HAL/src/alt_main.d': No such file or directory
rm: cannot remove './HAL/src/alt_malloc_lock.d': No such file or directory
rm: cannot remove './HAL/src/alt_open.d': No such file or directory
rm: cannot remove './HAL/src/alt_printf.d': No such file or directory
rm: cannot remove './HAL/src/alt_putchar.d': No such file or directory
rm: cannot remove './HAL/src/alt_putstr.d': No such file or directory
rm: cannot remove './HAL/src/alt_read.d': No such file or directory
rm: cannot remove './HAL/src/alt_release_fd.d': No such file or directory
rm: cannot remove './HAL/src/alt_remap_cached.d': No such file or directory
rm: cannot remove './HAL/src/alt_remap_uncached.d': No such file or directory
rm: cannot remove './HAL/src/alt_rename.d': No such file or directory
rm: cannot remove './HAL/src/alt_sbrk.d': No such file or directory
rm: cannot remove './HAL/src/alt_settod.d': No such file or directory
rm: cannot remove './HAL/src/alt_stat.d': No such file or directory
rm: cannot remove './HAL/src/alt_tick.d': No such file or directory
rm: cannot remove './HAL/src/alt_times.d': No such file or directory
rm: cannot remove './HAL/src/alt_uncached_free.d': No such file or directory
rm: cannot remove './HAL/src/alt_uncached_malloc.d': No such file or directory
rm: cannot remove './HAL/src/alt_unlink.d': No such file or directory
rm: cannot remove './HAL/src/alt_usleep.d': No such file or directory
rm: cannot remove './HAL/src/alt_wait.d': No such file or directory
rm: cannot remove './HAL/src/alt_write.d': No such file or directory
rm: cannot remove './HAL/src/altera_nios2_irq.d': No such file or directory
make: [clean] Error 1 (ignored)
